Started GET "/" for ::1 at 2020-04-15 09:21:17 +0200
  
PG::ConnectionBad (could not connect to server: No such file or directory
	Is the server running locally and accepting
	connections on Unix domain socket "/var/run/postgresql/.s.PGSQL.5432"?
):
  
pg (1.2.3) lib/pg.rb:58:in `initialize'
pg (1.2.3) lib/pg.rb:58:in `new'
pg (1.2.3) lib/pg.rb:58:in `connect'
activerecord (5.2.4.2) lib/active_record/connection_adapters/postgresql_adapter.rb:692:in `connect'
activerecord (5.2.4.2) lib/active_record/connection_adapters/postgresql_adapter.rb:223:in `initialize'
activerecord (5.2.4.2) lib/active_record/connection_adapters/postgresql_adapter.rb:48:in `new'
activerecord (5.2.4.2) lib/active_record/connection_adapters/postgresql_adapter.rb:48:in `postgresql_connection'
activerecord (5.2.4.2) lib/active_record/connection_adapters/abstract/connection_pool.rb:830:in `new_connection'
activerecord (5.2.4.2) lib/active_record/connection_adapters/abstract/connection_pool.rb:874:in `checkout_new_connection'
activerecord (5.2.4.2) lib/active_record/connection_adapters/abstract/connection_pool.rb:853:in `try_to_checkout_new_connection'
activerecord (5.2.4.2) lib/active_record/connection_adapters/abstract/connection_pool.rb:814:in `acquire_connection'
activerecord (5.2.4.2) lib/active_record/connection_adapters/abstract/connection_pool.rb:538:in `checkout'
activerecord (5.2.4.2) lib/active_record/connection_adapters/abstract/connection_pool.rb:382:in `connection'
activerecord (5.2.4.2) lib/active_record/connection_adapters/abstract/connection_pool.rb:1033:in `retrieve_connection'
activerecord (5.2.4.2) lib/active_record/connection_handling.rb:118:in `retrieve_connection'
activerecord (5.2.4.2) lib/active_record/connection_handling.rb:90:in `connection'
activerecord (5.2.4.2) lib/active_record/migration.rb:554:in `call'
actionpack (5.2.4.2) lib/action_dispatch/middleware/callbacks.rb:28:in `block in call'
activesupport (5.2.4.2) lib/active_support/callbacks.rb:98:in `run_callbacks'
actionpack (5.2.4.2) lib/action_dispatch/middleware/callbacks.rb:26:in `call'
actionpack (5.2.4.2) lib/action_dispatch/middleware/executor.rb:14:in `call'
actionpack (5.2.4.2) lib/action_dispatch/middleware/debug_exceptions.rb:61:in `call'
web-console (3.7.0) lib/web_console/middleware.rb:135:in `call_app'
web-console (3.7.0) lib/web_console/middleware.rb:30:in `block in call'
web-console (3.7.0) lib/web_console/middleware.rb:20:in `catch'
web-console (3.7.0) lib/web_console/middleware.rb:20:in `call'
actionpack (5.2.4.2) lib/action_dispatch/middleware/show_exceptions.rb:33:in `call'
railties (5.2.4.2) lib/rails/rack/logger.rb:38:in `call_app'
railties (5.2.4.2) lib/rails/rack/logger.rb:26:in `block in call'
activesupport (5.2.4.2) lib/active_support/tagged_logging.rb:71:in `block in tagged'
activesupport (5.2.4.2) lib/active_support/tagged_logging.rb:28:in `tagged'
activesupport (5.2.4.2) lib/active_support/tagged_logging.rb:71:in `tagged'
railties (5.2.4.2) lib/rails/rack/logger.rb:26:in `call'
sprockets-rails (3.2.1) lib/sprockets/rails/quiet_assets.rb:13:in `call'
actionpack (5.2.4.2) lib/action_dispatch/middleware/remote_ip.rb:81:in `call'
actionpack (5.2.4.2) lib/action_dispatch/middleware/request_id.rb:27:in `call'
rack (2.2.2) lib/rack/method_override.rb:24:in `call'
rack (2.2.2) lib/rack/runtime.rb:22:in `call'
activesupport (5.2.4.2) lib/active_support/cache/strategy/local_cache_middleware.rb:29:in `call'
actionpack (5.2.4.2) lib/action_dispatch/middleware/executor.rb:14:in `call'
actionpack (5.2.4.2) lib/action_dispatch/middleware/static.rb:127:in `call'
rack (2.2.2) lib/rack/sendfile.rb:110:in `call'
railties (5.2.4.2) lib/rails/engine.rb:524:in `call'
puma (3.12.4) lib/puma/configuration.rb:227:in `call'
puma (3.12.4) lib/puma/server.rb:675:in `handle_request'
puma (3.12.4) lib/puma/server.rb:476:in `process_client'
puma (3.12.4) lib/puma/server.rb:334:in `block in run'
puma (3.12.4) lib/puma/thread_pool.rb:135:in `block in spawn_thread'
No valid API key has been set, notifications will not be sent
Not notifying due to an invalid api_key
Not notifying due to an invalid api_key
  [1m[35m (122.9ms)[0m  [1m[35mCREATE DATABASE "mypetstore_development" ENCODING = 'unicode'[0m
  ↳ /usr/local/bundle/bin/rake:23
  [1m[35m (110.4ms)[0m  [1m[35mCREATE DATABASE "mypetstore_test" ENCODING = 'unicode'[0m
  ↳ /usr/local/bundle/bin/rake:23
  [1m[35m (24.4ms)[0m  [1m[35mCREATE TABLE "schema_migrations" ("version" character varying NOT NULL PRIMARY KEY)[0m
  ↳ /usr/local/bundle/bin/rake:23
  [1m[35m (18.5ms)[0m  [1m[35mCREATE TABLE "ar_internal_metadata" ("key" character varying NOT NULL PRIMARY KEY, "value" character varying, "created_at" timestamp NOT NULL, "updated_at" timestamp NOT NULL)[0m
  ↳ /usr/local/bundle/bin/rake:23
  [1m[35m (0.2ms)[0m  [1m[34mSELECT pg_try_advisory_lock(189420579480940080)[0m
  ↳ /usr/local/bundle/bin/rake:23
  [1m[35m (0.3ms)[0m  [1m[34mSELECT "schema_migrations"."version" FROM "schema_migrations" ORDER BY "schema_migrations"."version" ASC[0m
  ↳ /usr/local/bundle/bin/rake:23
Migrating to CreateUsers (20200417203922)
  [1m[35m (0.2ms)[0m  [1m[35mBEGIN[0m
  ↳ /usr/local/bundle/bin/rake:23
  [1m[35m (12.1ms)[0m  [1m[35mCREATE TABLE "users" ("id" serial NOT NULL PRIMARY KEY, "username" character varying, "first_name" character varying, "last_name" character varying, "phone" character varying, "email" character varying, "password" character varying, "user_status" integer, "created_at" timestamp NOT NULL, "updated_at" timestamp NOT NULL)[0m
  ↳ db/migrate/20200417203922_create_users.rb:3
  [1m[36mActiveRecord::SchemaMigration Create (0.4ms)[0m  [1m[32mINSERT INTO "schema_migrations" ("version") VALUES ($1) RETURNING "version"[0m  [["version", "20200417203922"]]
  ↳ /usr/local/bundle/bin/rake:23
  [1m[35m (3.6ms)[0m  [1m[35mCOMMIT[0m
  ↳ /usr/local/bundle/bin/rake:23
  [1m[36mActiveRecord::InternalMetadata Load (0.2ms)[0m  [1m[34mSELECT  "ar_internal_metadata".* FROM "ar_internal_metadata" WHERE "ar_internal_metadata"."key" = $1 LIMIT $2[0m  [["key", "environment"], ["LIMIT", 1]]
  ↳ /usr/local/bundle/bin/rake:23
  [1m[35m (1.8ms)[0m  [1m[35mBEGIN[0m
  ↳ /usr/local/bundle/bin/rake:23
  [1m[36mActiveRecord::InternalMetadata Create (0.5ms)[0m  [1m[32mINSERT INTO "ar_internal_metadata" ("key", "value", "created_at", "updated_at") VALUES ($1, $2, $3, $4) RETURNING "key"[0m  [["key", "environment"], ["value", "development"], ["created_at", "2020-04-17 20:50:53.345434"], ["updated_at", "2020-04-17 20:50:53.345434"]]
  ↳ /usr/local/bundle/bin/rake:23
  [1m[35m (1.2ms)[0m  [1m[35mCOMMIT[0m
  ↳ /usr/local/bundle/bin/rake:23
  [1m[35m (0.5ms)[0m  [1m[34mSELECT pg_advisory_unlock(189420579480940080)[0m
  ↳ /usr/local/bundle/bin/rake:23
  [1m[35m (0.2ms)[0m  [1m[34mSELECT "schema_migrations"."version" FROM "schema_migrations" ORDER BY "schema_migrations"."version" ASC[0m
  ↳ /usr/local/bundle/bin/rake:23
  [1m[35m (0.4ms)[0m  [1m[34mSELECT "schema_migrations"."version" FROM "schema_migrations" ORDER BY "schema_migrations"."version" ASC[0m
  ↳ /usr/local/bundle/bin/rake:23
  [1m[35m (0.2ms)[0m  [1m[35mBEGIN[0m
  ↳ db/seeds.rb:9
  [1m[36mUser Create (0.6ms)[0m  [1m[32mINSERT INTO "users" ("username", "first_name", "last_name", "phone", "email", "password", "user_status", "created_at", "updated_at") VALUES ($1, $2, $3, $4, $5, $6, $7, $8, $9) RETURNING "id"[0m  [["username", "user1"], ["first_name", "user"], ["last_name", "one"], ["phone", "0112545782154"], ["email", "user1@gmail.com"], ["password", "user1"], ["user_status", 1], ["created_at", "2020-04-17 20:51:03.211285"], ["updated_at", "2020-04-17 20:51:03.211285"]]
  ↳ db/seeds.rb:9
  [1m[35m (13.6ms)[0m  [1m[35mCOMMIT[0m
  ↳ db/seeds.rb:9
  [1m[35m (0.1ms)[0m  [1m[35mBEGIN[0m
  ↳ db/seeds.rb:20
  [1m[36mUser Create (0.4ms)[0m  [1m[32mINSERT INTO "users" ("username", "first_name", "last_name", "phone", "email", "password", "user_status", "created_at", "updated_at") VALUES ($1, $2, $3, $4, $5, $6, $7, $8, $9) RETURNING "id"[0m  [["username", "user2"], ["first_name", "user"], ["last_name", "two"], ["phone", "0112575982154"], ["email", "user2@gmail.com"], ["password", "user2"], ["user_status", 2], ["created_at", "2020-04-17 20:51:03.227118"], ["updated_at", "2020-04-17 20:51:03.227118"]]
  ↳ db/seeds.rb:20
  [1m[35m (1.0ms)[0m  [1m[35mCOMMIT[0m
  ↳ db/seeds.rb:20
  [1m[36mUser Load (0.2ms)[0m  [1m[34mSELECT  "users".* FROM "users" LIMIT $1[0m  [["LIMIT", 11]]
  [1m[35m (121.6ms)[0m  [1m[35mCREATE DATABASE "mypetstore_development" ENCODING = 'unicode'[0m
  ↳ /usr/local/bundle/bin/rake:23
  [1m[35m (120.0ms)[0m  [1m[35mCREATE DATABASE "mypetstore_test" ENCODING = 'unicode'[0m
  ↳ /usr/local/bundle/bin/rake:23
  [1m[35m (33.9ms)[0m  [1m[35mCREATE TABLE "schema_migrations" ("version" character varying NOT NULL PRIMARY KEY)[0m
  ↳ /usr/local/bundle/bin/rake:23
  [1m[35m (22.0ms)[0m  [1m[35mCREATE TABLE "ar_internal_metadata" ("key" character varying NOT NULL PRIMARY KEY, "value" character varying, "created_at" timestamp NOT NULL, "updated_at" timestamp NOT NULL)[0m
  ↳ /usr/local/bundle/bin/rake:23
  [1m[35m (0.6ms)[0m  [1m[34mSELECT pg_try_advisory_lock(189420579480940080)[0m
  ↳ /usr/local/bundle/bin/rake:23
  [1m[35m (0.6ms)[0m  [1m[34mSELECT "schema_migrations"."version" FROM "schema_migrations" ORDER BY "schema_migrations"."version" ASC[0m
  ↳ /usr/local/bundle/bin/rake:23
Migrating to CreateUsers (20200417203922)
  [1m[35m (0.3ms)[0m  [1m[35mBEGIN[0m
  ↳ /usr/local/bundle/bin/rake:23
  [1m[35m (18.7ms)[0m  [1m[35mCREATE TABLE "users" ("id" serial NOT NULL PRIMARY KEY, "username" character varying, "first_name" character varying, "last_name" character varying, "phone" character varying, "email" character varying, "password" character varying, "user_status" integer, "created_at" timestamp NOT NULL, "updated_at" timestamp NOT NULL)[0m
  ↳ db/migrate/20200417203922_create_users.rb:5
  [1m[36mActiveRecord::SchemaMigration Create (0.5ms)[0m  [1m[32mINSERT INTO "schema_migrations" ("version") VALUES ($1) RETURNING "version"[0m  [["version", "20200417203922"]]
  ↳ /usr/local/bundle/bin/rake:23
  [1m[35m (2.4ms)[0m  [1m[35mCOMMIT[0m
  ↳ /usr/local/bundle/bin/rake:23
Migrating to CreateCategories (20200418073248)
  [1m[35m (0.3ms)[0m  [1m[35mBEGIN[0m
  ↳ /usr/local/bundle/bin/rake:23
  [1m[35m (12.7ms)[0m  [1m[35mCREATE TABLE "categories" ("id" serial NOT NULL PRIMARY KEY, "name" character varying, "created_at" timestamp NOT NULL, "updated_at" timestamp NOT NULL)[0m
  ↳ db/migrate/20200418073248_create_categories.rb:5
  [1m[36mActiveRecord::SchemaMigration Create (0.4ms)[0m  [1m[32mINSERT INTO "schema_migrations" ("version") VALUES ($1) RETURNING "version"[0m  [["version", "20200418073248"]]
  ↳ /usr/local/bundle/bin/rake:23
  [1m[35m (5.1ms)[0m  [1m[35mCOMMIT[0m
  ↳ /usr/local/bundle/bin/rake:23
Migrating to CreatePets (20200418073440)
  [1m[35m (0.4ms)[0m  [1m[35mBEGIN[0m
  ↳ /usr/local/bundle/bin/rake:23
  [1m[35m (23.9ms)[0m  [1m[35mCREATE TABLE "pets" ("id" serial NOT NULL PRIMARY KEY, "name" character varying NOT NULL, "status" character varying, "photo_urls" character varying[] NOT NULL, "tags" xml[], "category_id" integer, "user_id" integer, "created_at" timestamp NOT NULL, "updated_at" timestamp NOT NULL, CONSTRAINT "fk_rails_11c0388332"
FOREIGN KEY ("category_id")
  REFERENCES "categories" ("id")
, CONSTRAINT "fk_rails_0fa4bae6b1"
FOREIGN KEY ("user_id")
  REFERENCES "users" ("id")
)[0m
  ↳ db/migrate/20200418073440_create_pets.rb:5
  [1m[35m (4.3ms)[0m  [1m[35mCREATE  INDEX  "index_pets_on_category_id" ON "pets"  ("category_id")[0m
  ↳ db/migrate/20200418073440_create_pets.rb:5
  [1m[35m (4.1ms)[0m  [1m[35mCREATE  INDEX  "index_pets_on_user_id" ON "pets"  ("user_id")[0m
  ↳ db/migrate/20200418073440_create_pets.rb:5
  [1m[36mActiveRecord::SchemaMigration Create (0.9ms)[0m  [1m[32mINSERT INTO "schema_migrations" ("version") VALUES ($1) RETURNING "version"[0m  [["version", "20200418073440"]]
  ↳ /usr/local/bundle/bin/rake:23
  [1m[35m (3.3ms)[0m  [1m[35mCOMMIT[0m
  ↳ /usr/local/bundle/bin/rake:23
  [1m[36mActiveRecord::InternalMetadata Load (0.6ms)[0m  [1m[34mSELECT  "ar_internal_metadata".* FROM "ar_internal_metadata" WHERE "ar_internal_metadata"."key" = $1 LIMIT $2[0m  [["key", "environment"], ["LIMIT", 1]]
  ↳ /usr/local/bundle/bin/rake:23
  [1m[35m (0.4ms)[0m  [1m[35mBEGIN[0m
  ↳ /usr/local/bundle/bin/rake:23
  [1m[36mActiveRecord::InternalMetadata Create (0.7ms)[0m  [1m[32mINSERT INTO "ar_internal_metadata" ("key", "value", "created_at", "updated_at") VALUES ($1, $2, $3, $4) RETURNING "key"[0m  [["key", "environment"], ["value", "development"], ["created_at", "2020-04-18 07:54:59.337525"], ["updated_at", "2020-04-18 07:54:59.337525"]]
  ↳ /usr/local/bundle/bin/rake:23
  [1m[35m (5.9ms)[0m  [1m[35mCOMMIT[0m
  ↳ /usr/local/bundle/bin/rake:23
  [1m[35m (0.5ms)[0m  [1m[34mSELECT pg_advisory_unlock(189420579480940080)[0m
  ↳ /usr/local/bundle/bin/rake:23
  [1m[35m (0.2ms)[0m  [1m[34mSELECT "schema_migrations"."version" FROM "schema_migrations" ORDER BY "schema_migrations"."version" ASC[0m
  ↳ /usr/local/bundle/bin/rake:23
  [1m[35m (2.9ms)[0m  [1m[35mCREATE DATABASE "mypetstore_development" ENCODING = 'unicode'[0m
  ↳ /usr/local/bundle/bin/rake:23
  [1m[35m (0.7ms)[0m  [1m[35mCREATE DATABASE "mypetstore_test" ENCODING = 'unicode'[0m
  ↳ /usr/local/bundle/bin/rake:23
  [1m[35m (0.1ms)[0m  [1m[34mSELECT pg_try_advisory_lock(189420579480940080)[0m
  ↳ /usr/local/bundle/bin/rake:23
  [1m[35m (0.7ms)[0m  [1m[34mSELECT "schema_migrations"."version" FROM "schema_migrations" ORDER BY "schema_migrations"."version" ASC[0m
  ↳ /usr/local/bundle/bin/rake:23
  [1m[36mActiveRecord::InternalMetadata Load (0.3ms)[0m  [1m[34mSELECT  "ar_internal_metadata".* FROM "ar_internal_metadata" WHERE "ar_internal_metadata"."key" = $1 LIMIT $2[0m  [["key", "environment"], ["LIMIT", 1]]
  ↳ /usr/local/bundle/bin/rake:23
  [1m[35m (0.1ms)[0m  [1m[35mBEGIN[0m
  ↳ /usr/local/bundle/bin/rake:23
  [1m[35m (0.1ms)[0m  [1m[35mCOMMIT[0m
  ↳ /usr/local/bundle/bin/rake:23
  [1m[35m (0.2ms)[0m  [1m[34mSELECT pg_advisory_unlock(189420579480940080)[0m
  ↳ /usr/local/bundle/bin/rake:23
  [1m[35m (0.3ms)[0m  [1m[34mSELECT "schema_migrations"."version" FROM "schema_migrations" ORDER BY "schema_migrations"."version" ASC[0m
  ↳ /usr/local/bundle/bin/rake:23
  [1m[35m (0.2ms)[0m  [1m[34mSELECT pg_try_advisory_lock(189420579480940080)[0m
  ↳ /usr/local/bundle/bin/rake:23
  [1m[35m (0.4ms)[0m  [1m[34mSELECT "schema_migrations"."version" FROM "schema_migrations" ORDER BY "schema_migrations"."version" ASC[0m
  ↳ /usr/local/bundle/bin/rake:23
  [1m[36mActiveRecord::InternalMetadata Load (0.2ms)[0m  [1m[34mSELECT  "ar_internal_metadata".* FROM "ar_internal_metadata" WHERE "ar_internal_metadata"."key" = $1 LIMIT $2[0m  [["key", "environment"], ["LIMIT", 1]]
  ↳ /usr/local/bundle/bin/rake:23
  [1m[35m (0.2ms)[0m  [1m[35mBEGIN[0m
  ↳ /usr/local/bundle/bin/rake:23
  [1m[35m (0.2ms)[0m  [1m[35mCOMMIT[0m
  ↳ /usr/local/bundle/bin/rake:23
  [1m[35m (0.2ms)[0m  [1m[34mSELECT pg_advisory_unlock(189420579480940080)[0m
  ↳ /usr/local/bundle/bin/rake:23
  [1m[35m (0.2ms)[0m  [1m[34mSELECT "schema_migrations"."version" FROM "schema_migrations" ORDER BY "schema_migrations"."version" ASC[0m
  ↳ /usr/local/bundle/bin/rake:23
  [1m[35m (0.5ms)[0m  [1m[35mCREATE DATABASE "mypetstore_development" ENCODING = 'unicode'[0m
  ↳ /usr/local/bundle/bin/rake:23
  [1m[35m (0.5ms)[0m  [1m[35mCREATE DATABASE "mypetstore_test" ENCODING = 'unicode'[0m
  ↳ /usr/local/bundle/bin/rake:23
  [1m[35m (124.6ms)[0m  [1m[35mCREATE DATABASE "mypetstore_development" ENCODING = 'unicode'[0m
  ↳ /usr/local/bundle/bin/rake:23
  [1m[35m (116.2ms)[0m  [1m[35mCREATE DATABASE "mypetstore_test" ENCODING = 'unicode'[0m
  ↳ /usr/local/bundle/bin/rake:23
  [1m[35m (20.5ms)[0m  [1m[35mCREATE TABLE "schema_migrations" ("version" character varying NOT NULL PRIMARY KEY)[0m
  ↳ /usr/local/bundle/bin/rake:23
  [1m[35m (19.1ms)[0m  [1m[35mCREATE TABLE "ar_internal_metadata" ("key" character varying NOT NULL PRIMARY KEY, "value" character varying, "created_at" timestamp NOT NULL, "updated_at" timestamp NOT NULL)[0m
  ↳ /usr/local/bundle/bin/rake:23
  [1m[35m (0.7ms)[0m  [1m[34mSELECT pg_try_advisory_lock(189420579480940080)[0m
  ↳ /usr/local/bundle/bin/rake:23
  [1m[35m (1.3ms)[0m  [1m[34mSELECT "schema_migrations"."version" FROM "schema_migrations" ORDER BY "schema_migrations"."version" ASC[0m
  ↳ /usr/local/bundle/bin/rake:23
Migrating to CreateUsers (20200417203922)
  [1m[35m (0.5ms)[0m  [1m[35mBEGIN[0m
  ↳ /usr/local/bundle/bin/rake:23
  [1m[35m (15.6ms)[0m  [1m[35mCREATE TABLE "users" ("id" serial NOT NULL PRIMARY KEY, "username" character varying, "first_name" character varying, "last_name" character varying, "phone" character varying, "email" character varying, "password" character varying, "user_status" integer, "created_at" timestamp NOT NULL, "updated_at" timestamp NOT NULL)[0m
  ↳ db/migrate/20200417203922_create_users.rb:5
  [1m[36mActiveRecord::SchemaMigration Create (0.9ms)[0m  [1m[32mINSERT INTO "schema_migrations" ("version") VALUES ($1) RETURNING "version"[0m  [["version", "20200417203922"]]
  ↳ /usr/local/bundle/bin/rake:23
  [1m[35m (4.2ms)[0m  [1m[35mCOMMIT[0m
  ↳ /usr/local/bundle/bin/rake:23
Migrating to CreateCategories (20200418073248)
  [1m[35m (0.3ms)[0m  [1m[35mBEGIN[0m
  ↳ /usr/local/bundle/bin/rake:23
  [1m[35m (13.6ms)[0m  [1m[35mCREATE TABLE "categories" ("id" serial NOT NULL PRIMARY KEY, "name" character varying, "created_at" timestamp NOT NULL, "updated_at" timestamp NOT NULL)[0m
  ↳ db/migrate/20200418073248_create_categories.rb:5
  [1m[36mActiveRecord::SchemaMigration Create (0.3ms)[0m  [1m[32mINSERT INTO "schema_migrations" ("version") VALUES ($1) RETURNING "version"[0m  [["version", "20200418073248"]]
  ↳ /usr/local/bundle/bin/rake:23
  [1m[35m (5.3ms)[0m  [1m[35mCOMMIT[0m
  ↳ /usr/local/bundle/bin/rake:23
Migrating to CreatePets (20200418073440)
  [1m[35m (0.3ms)[0m  [1m[35mBEGIN[0m
  ↳ /usr/local/bundle/bin/rake:23
  [1m[35m (14.2ms)[0m  [1m[35mCREATE TABLE "pets" ("id" serial NOT NULL PRIMARY KEY, "name" character varying NOT NULL, "status" character varying, "photo_urls" character varying[] NOT NULL, "tags" xml[], "category_id" integer, "owner_id" integer, "created_at" timestamp NOT NULL, "updated_at" timestamp NOT NULL, CONSTRAINT "fk_rails_11c0388332"
FOREIGN KEY ("category_id")
  REFERENCES "categories" ("id")
, CONSTRAINT "fk_rails_1ff5d16ccb"
FOREIGN KEY ("owner_id")
  REFERENCES "users" ("id")
)[0m
  ↳ db/migrate/20200418073440_create_pets.rb:5
  [1m[35m (4.7ms)[0m  [1m[35mCREATE  INDEX  "index_pets_on_category_id" ON "pets"  ("category_id")[0m
  ↳ db/migrate/20200418073440_create_pets.rb:5
  [1m[35m (4.2ms)[0m  [1m[35mCREATE  INDEX  "index_pets_on_owner_id" ON "pets"  ("owner_id")[0m
  ↳ db/migrate/20200418073440_create_pets.rb:5
  [1m[36mActiveRecord::SchemaMigration Create (1.0ms)[0m  [1m[32mINSERT INTO "schema_migrations" ("version") VALUES ($1) RETURNING "version"[0m  [["version", "20200418073440"]]
  ↳ /usr/local/bundle/bin/rake:23
  [1m[35m (3.3ms)[0m  [1m[35mCOMMIT[0m
  ↳ /usr/local/bundle/bin/rake:23
  [1m[36mActiveRecord::InternalMetadata Load (0.5ms)[0m  [1m[34mSELECT  "ar_internal_metadata".* FROM "ar_internal_metadata" WHERE "ar_internal_metadata"."key" = $1 LIMIT $2[0m  [["key", "environment"], ["LIMIT", 1]]
  ↳ /usr/local/bundle/bin/rake:23
  [1m[35m (0.3ms)[0m  [1m[35mBEGIN[0m
  ↳ /usr/local/bundle/bin/rake:23
  [1m[36mActiveRecord::InternalMetadata Create (0.5ms)[0m  [1m[32mINSERT INTO "ar_internal_metadata" ("key", "value", "created_at", "updated_at") VALUES ($1, $2, $3, $4) RETURNING "key"[0m  [["key", "environment"], ["value", "development"], ["created_at", "2020-04-18 08:13:10.073589"], ["updated_at", "2020-04-18 08:13:10.073589"]]
  ↳ /usr/local/bundle/bin/rake:23
  [1m[35m (1.2ms)[0m  [1m[35mCOMMIT[0m
  ↳ /usr/local/bundle/bin/rake:23
  [1m[35m (0.3ms)[0m  [1m[34mSELECT pg_advisory_unlock(189420579480940080)[0m
  ↳ /usr/local/bundle/bin/rake:23
  [1m[35m (0.3ms)[0m  [1m[34mSELECT "schema_migrations"."version" FROM "schema_migrations" ORDER BY "schema_migrations"."version" ASC[0m
  ↳ /usr/local/bundle/bin/rake:23
  [1m[35m (0.4ms)[0m  [1m[34mSELECT "schema_migrations"."version" FROM "schema_migrations" ORDER BY "schema_migrations"."version" ASC[0m
  ↳ /usr/local/bundle/bin/rake:23
  [1m[35m (0.1ms)[0m  [1m[35mBEGIN[0m
  ↳ db/seeds.rb:10
  [1m[36mUser Exists (0.5ms)[0m  [1m[34mSELECT  1 AS one FROM "users" WHERE "users"."username" = $1 LIMIT $2[0m  [["username", "user1"], ["LIMIT", 1]]
  ↳ db/seeds.rb:10
  [1m[36mUser Exists (0.2ms)[0m  [1m[34mSELECT  1 AS one FROM "users" WHERE "users"."phone" = $1 LIMIT $2[0m  [["phone", "0112545782154"], ["LIMIT", 1]]
  ↳ db/seeds.rb:10
  [1m[36mUser Exists (0.2ms)[0m  [1m[34mSELECT  1 AS one FROM "users" WHERE "users"."email" = $1 LIMIT $2[0m  [["email", "user1@gmail.com"], ["LIMIT", 1]]
  ↳ db/seeds.rb:10
  [1m[36mUser Create (0.4ms)[0m  [1m[32mINSERT INTO "users" ("username", "first_name", "last_name", "phone", "email", "password", "user_status", "created_at", "updated_at") VALUES ($1, $2, $3, $4, $5, $6, $7, $8, $9) RETURNING "id"[0m  [["username", "user1"], ["first_name", "user"], ["last_name", "one"], ["phone", "0112545782154"], ["email", "user1@gmail.com"], ["password", "user1"], ["user_status", 1], ["created_at", "2020-04-18 08:13:23.105507"], ["updated_at", "2020-04-18 08:13:23.105507"]]
  ↳ db/seeds.rb:10
  [1m[35m (9.4ms)[0m  [1m[35mCOMMIT[0m
  ↳ db/seeds.rb:10
  [1m[35m (0.2ms)[0m  [1m[35mBEGIN[0m
  ↳ db/seeds.rb:21
  [1m[36mUser Exists (0.3ms)[0m  [1m[34mSELECT  1 AS one FROM "users" WHERE "users"."username" = $1 LIMIT $2[0m  [["username", "user2"], ["LIMIT", 1]]
  ↳ db/seeds.rb:21
  [1m[36mUser Exists (0.2ms)[0m  [1m[34mSELECT  1 AS one FROM "users" WHERE "users"."phone" = $1 LIMIT $2[0m  [["phone", "0112575982154"], ["LIMIT", 1]]
  ↳ db/seeds.rb:21
  [1m[36mUser Exists (0.2ms)[0m  [1m[34mSELECT  1 AS one FROM "users" WHERE "users"."email" = $1 LIMIT $2[0m  [["email", "user2@gmail.com"], ["LIMIT", 1]]
  ↳ db/seeds.rb:21
  [1m[36mUser Create (0.3ms)[0m  [1m[32mINSERT INTO "users" ("username", "first_name", "last_name", "phone", "email", "password", "user_status", "created_at", "updated_at") VALUES ($1, $2, $3, $4, $5, $6, $7, $8, $9) RETURNING "id"[0m  [["username", "user2"], ["first_name", "user"], ["last_name", "two"], ["phone", "0112575982154"], ["email", "user2@gmail.com"], ["password", "user2"], ["user_status", 2], ["created_at", "2020-04-18 08:13:23.119125"], ["updated_at", "2020-04-18 08:13:23.119125"]]
  ↳ db/seeds.rb:21
  [1m[35m (2.7ms)[0m  [1m[35mCOMMIT[0m
  ↳ db/seeds.rb:21
  [1m[35m (0.2ms)[0m  [1m[35mBEGIN[0m
  ↳ db/seeds.rb:32
  [1m[36mCategory Create (0.5ms)[0m  [1m[32mINSERT INTO "categories" ("name", "created_at", "updated_at") VALUES ($1, $2, $3) RETURNING "id"[0m  [["name", "small"], ["created_at", "2020-04-18 08:13:23.128944"], ["updated_at", "2020-04-18 08:13:23.128944"]]
  ↳ db/seeds.rb:32
  [1m[35m (1.1ms)[0m  [1m[35mCOMMIT[0m
  ↳ db/seeds.rb:32
  [1m[35m (0.1ms)[0m  [1m[35mBEGIN[0m
  ↳ db/seeds.rb:33
  [1m[36mCategory Create (0.2ms)[0m  [1m[32mINSERT INTO "categories" ("name", "created_at", "updated_at") VALUES ($1, $2, $3) RETURNING "id"[0m  [["name", "large"], ["created_at", "2020-04-18 08:13:23.131803"], ["updated_at", "2020-04-18 08:13:23.131803"]]
  ↳ db/seeds.rb:33
  [1m[35m (1.1ms)[0m  [1m[35mCOMMIT[0m
  ↳ db/seeds.rb:33
  [1m[35m (0.1ms)[0m  [1m[35mBEGIN[0m
  ↳ db/seeds.rb:36
  [1m[36mPet Create (3.5ms)[0m  [1m[32mINSERT INTO "pets" ("name", "status", "photo_urls", "tags", "category_id", "owner_id", "created_at", "updated_at") VALUES ($1, $2, $3, $4, $5, $6, $7, $8) RETURNING "id"[0m  [["name", "Caty"], ["status", "available"], ["photo_urls", "{url1,url2,url3}"], ["tags", "{<cat>,<white>}"], ["category_id", 1], ["owner_id", 1], ["created_at", "2020-04-18 08:13:23.143448"], ["updated_at", "2020-04-18 08:13:23.143448"]]
  ↳ db/seeds.rb:36
  [1m[35m (0.4ms)[0m  [1m[31mROLLBACK[0m
  ↳ db/seeds.rb:36
Started GET "/" for 172.24.0.1 at 2020-04-18 08:13:27 +0000
Cannot render console from 172.24.0.1! Allowed networks: 127.0.0.1, ::1, 127.0.0.0/127.255.255.255
  [1m[35m (0.7ms)[0m  [1m[34mSELECT "schema_migrations"."version" FROM "schema_migrations" ORDER BY "schema_migrations"."version" ASC[0m
  ↳ /usr/local/bundle/gems/activerecord-5.2.4.2/lib/active_record/log_subscriber.rb:98
Processing by Rails::WelcomeController#index as HTML
  Rendering /usr/local/bundle/gems/railties-5.2.4.2/lib/rails/templates/rails/welcome/index.html.erb
  Rendered /usr/local/bundle/gems/railties-5.2.4.2/lib/rails/templates/rails/welcome/index.html.erb (1.9ms)
Completed 200 OK in 10ms (Views: 3.9ms | ActiveRecord: 0.0ms)


  [1m[36mCategory Load (0.3ms)[0m  [1m[34mSELECT  "categories".* FROM "categories" LIMIT $1[0m  [["LIMIT", 11]]
  [1m[35m (0.4ms)[0m  [1m[35mBEGIN[0m
  [1m[36mPet Create (1.3ms)[0m  [1m[32mINSERT INTO "pets" ("name", "status", "photo_urls", "tags", "category_id", "owner_id", "created_at", "updated_at") VALUES ($1, $2, $3, $4, $5, $6, $7, $8) RETURNING "id"[0m  [["name", "Caty"], ["status", "available"], ["photo_urls", "{url1,url2,url3}"], ["tags", "{<cat>,<white>}"], ["category_id", 1], ["owner_id", 1], ["created_at", "2020-04-18 08:14:37.309938"], ["updated_at", "2020-04-18 08:14:37.309938"]]
  [1m[35m (0.3ms)[0m  [1m[31mROLLBACK[0m
  [1m[35m (0.8ms)[0m  [1m[35mBEGIN[0m
  [1m[36mPet Create (3.5ms)[0m  [1m[32mINSERT INTO "pets" ("name", "status", "photo_urls", "category_id", "owner_id", "created_at", "updated_at") VALUES ($1, $2, $3, $4, $5, $6, $7) RETURNING "id"[0m  [["name", "Caty"], ["status", "available"], ["photo_urls", "{url1,url2,url3}"], ["category_id", 1], ["owner_id", 1], ["created_at", "2020-04-18 08:14:55.399766"], ["updated_at", "2020-04-18 08:14:55.399766"]]
  [1m[35m (10.8ms)[0m  [1m[35mCOMMIT[0m
  [1m[36mPet Load (1.4ms)[0m  [1m[34mSELECT  "pets".* FROM "pets" LIMIT $1[0m  [["LIMIT", 11]]
  [1m[35m (0.2ms)[0m  [1m[34mSELECT pg_try_advisory_lock(189420579480940080)[0m
  ↳ /usr/local/bundle/bin/rake:23
  [1m[35m (0.5ms)[0m  [1m[34mSELECT "schema_migrations"."version" FROM "schema_migrations" ORDER BY "schema_migrations"."version" ASC[0m
  ↳ /usr/local/bundle/bin/rake:23
  [1m[36mActiveRecord::InternalMetadata Load (0.3ms)[0m  [1m[34mSELECT  "ar_internal_metadata".* FROM "ar_internal_metadata" WHERE "ar_internal_metadata"."key" = $1 LIMIT $2[0m  [["key", "environment"], ["LIMIT", 1]]
  ↳ /usr/local/bundle/bin/rake:23
  [1m[35m (0.2ms)[0m  [1m[35mBEGIN[0m
  ↳ /usr/local/bundle/bin/rake:23
  [1m[35m (0.1ms)[0m  [1m[35mCOMMIT[0m
  ↳ /usr/local/bundle/bin/rake:23
  [1m[35m (0.2ms)[0m  [1m[34mSELECT pg_advisory_unlock(189420579480940080)[0m
  ↳ /usr/local/bundle/bin/rake:23
  [1m[35m (0.2ms)[0m  [1m[34mSELECT "schema_migrations"."version" FROM "schema_migrations" ORDER BY "schema_migrations"."version" ASC[0m
  ↳ /usr/local/bundle/bin/rake:23
  [1m[35m (0.4ms)[0m  [1m[35mCREATE DATABASE "mypetstore_development" ENCODING = 'unicode'[0m
  ↳ /usr/local/bundle/bin/rake:23
  [1m[35m (0.6ms)[0m  [1m[35mCREATE DATABASE "mypetstore_test" ENCODING = 'unicode'[0m
  ↳ /usr/local/bundle/bin/rake:23
  [1m[35m (0.4ms)[0m  [1m[34mSELECT pg_try_advisory_lock(189420579480940080)[0m
  ↳ /usr/local/bundle/bin/rake:23
  [1m[35m (0.4ms)[0m  [1m[34mSELECT "schema_migrations"."version" FROM "schema_migrations" ORDER BY "schema_migrations"."version" ASC[0m
  ↳ /usr/local/bundle/bin/rake:23
  [1m[36mActiveRecord::InternalMetadata Load (0.2ms)[0m  [1m[34mSELECT  "ar_internal_metadata".* FROM "ar_internal_metadata" WHERE "ar_internal_metadata"."key" = $1 LIMIT $2[0m  [["key", "environment"], ["LIMIT", 1]]
  ↳ /usr/local/bundle/bin/rake:23
  [1m[35m (0.1ms)[0m  [1m[35mBEGIN[0m
  ↳ /usr/local/bundle/bin/rake:23
  [1m[35m (0.1ms)[0m  [1m[35mCOMMIT[0m
  ↳ /usr/local/bundle/bin/rake:23
  [1m[35m (0.2ms)[0m  [1m[34mSELECT pg_advisory_unlock(189420579480940080)[0m
  ↳ /usr/local/bundle/bin/rake:23
  [1m[35m (0.2ms)[0m  [1m[34mSELECT "schema_migrations"."version" FROM "schema_migrations" ORDER BY "schema_migrations"."version" ASC[0m
  ↳ /usr/local/bundle/bin/rake:23
  [1m[35m (129.1ms)[0m  [1m[35mCREATE DATABASE "mypetstore_development" ENCODING = 'unicode'[0m
  ↳ /usr/local/bundle/bin/rake:23
  [1m[35m (119.6ms)[0m  [1m[35mCREATE DATABASE "mypetstore_test" ENCODING = 'unicode'[0m
  ↳ /usr/local/bundle/bin/rake:23
  [1m[35m (27.7ms)[0m  [1m[35mCREATE TABLE "schema_migrations" ("version" character varying NOT NULL PRIMARY KEY)[0m
  ↳ /usr/local/bundle/bin/rake:23
  [1m[35m (33.8ms)[0m  [1m[35mCREATE TABLE "ar_internal_metadata" ("key" character varying NOT NULL PRIMARY KEY, "value" character varying, "created_at" timestamp NOT NULL, "updated_at" timestamp NOT NULL)[0m
  ↳ /usr/local/bundle/bin/rake:23
  [1m[35m (0.7ms)[0m  [1m[34mSELECT pg_try_advisory_lock(189420579480940080)[0m
  ↳ /usr/local/bundle/bin/rake:23
  [1m[35m (1.2ms)[0m  [1m[34mSELECT "schema_migrations"."version" FROM "schema_migrations" ORDER BY "schema_migrations"."version" ASC[0m
  ↳ /usr/local/bundle/bin/rake:23
Migrating to CreateUsers (20200417203922)
  [1m[35m (0.6ms)[0m  [1m[35mBEGIN[0m
  ↳ /usr/local/bundle/bin/rake:23
  [1m[35m (15.1ms)[0m  [1m[35mCREATE TABLE "users" ("id" serial NOT NULL PRIMARY KEY, "username" character varying, "first_name" character varying, "last_name" character varying, "phone" character varying, "email" character varying, "password" character varying, "user_status" integer, "created_at" timestamp NOT NULL, "updated_at" timestamp NOT NULL)[0m
  ↳ db/migrate/20200417203922_create_users.rb:5
  [1m[36mActiveRecord::SchemaMigration Create (1.1ms)[0m  [1m[32mINSERT INTO "schema_migrations" ("version") VALUES ($1) RETURNING "version"[0m  [["version", "20200417203922"]]
  ↳ /usr/local/bundle/bin/rake:23
  [1m[35m (6.2ms)[0m  [1m[35mCOMMIT[0m
  ↳ /usr/local/bundle/bin/rake:23
Migrating to CreateCategories (20200418073248)
  [1m[35m (0.3ms)[0m  [1m[35mBEGIN[0m
  ↳ /usr/local/bundle/bin/rake:23
  [1m[35m (13.3ms)[0m  [1m[35mCREATE TABLE "categories" ("id" serial NOT NULL PRIMARY KEY, "name" character varying, "created_at" timestamp NOT NULL, "updated_at" timestamp NOT NULL)[0m
  ↳ db/migrate/20200418073248_create_categories.rb:5
  [1m[36mActiveRecord::SchemaMigration Create (0.4ms)[0m  [1m[32mINSERT INTO "schema_migrations" ("version") VALUES ($1) RETURNING "version"[0m  [["version", "20200418073248"]]
  ↳ /usr/local/bundle/bin/rake:23
  [1m[35m (4.2ms)[0m  [1m[35mCOMMIT[0m
  ↳ /usr/local/bundle/bin/rake:23
Migrating to CreatePets (20200418073440)
  [1m[35m (0.2ms)[0m  [1m[35mBEGIN[0m
  ↳ /usr/local/bundle/bin/rake:23
  [1m[35m (14.9ms)[0m  [1m[35mCREATE TABLE "pets" ("id" serial NOT NULL PRIMARY KEY, "name" character varying NOT NULL, "status" character varying, "photo_urls" character varying[] NOT NULL, "tags" character varying[], "category_id" integer, "owner_id" integer, "created_at" timestamp NOT NULL, "updated_at" timestamp NOT NULL, CONSTRAINT "fk_rails_11c0388332"
FOREIGN KEY ("category_id")
  REFERENCES "categories" ("id")
, CONSTRAINT "fk_rails_1ff5d16ccb"
FOREIGN KEY ("owner_id")
  REFERENCES "users" ("id")
)[0m
  ↳ db/migrate/20200418073440_create_pets.rb:5
  [1m[35m (4.1ms)[0m  [1m[35mCREATE  INDEX  "index_pets_on_category_id" ON "pets"  ("category_id")[0m
  ↳ db/migrate/20200418073440_create_pets.rb:5
  [1m[35m (4.0ms)[0m  [1m[35mCREATE  INDEX  "index_pets_on_owner_id" ON "pets"  ("owner_id")[0m
  ↳ db/migrate/20200418073440_create_pets.rb:5
  [1m[36mActiveRecord::SchemaMigration Create (0.8ms)[0m  [1m[32mINSERT INTO "schema_migrations" ("version") VALUES ($1) RETURNING "version"[0m  [["version", "20200418073440"]]
  ↳ /usr/local/bundle/bin/rake:23
  [1m[35m (8.7ms)[0m  [1m[35mCOMMIT[0m
  ↳ /usr/local/bundle/bin/rake:23
  [1m[36mActiveRecord::InternalMetadata Load (0.4ms)[0m  [1m[34mSELECT  "ar_internal_metadata".* FROM "ar_internal_metadata" WHERE "ar_internal_metadata"."key" = $1 LIMIT $2[0m  [["key", "environment"], ["LIMIT", 1]]
  ↳ /usr/local/bundle/bin/rake:23
  [1m[35m (0.2ms)[0m  [1m[35mBEGIN[0m
  ↳ /usr/local/bundle/bin/rake:23
  [1m[36mActiveRecord::InternalMetadata Create (0.5ms)[0m  [1m[32mINSERT INTO "ar_internal_metadata" ("key", "value", "created_at", "updated_at") VALUES ($1, $2, $3, $4) RETURNING "key"[0m  [["key", "environment"], ["value", "development"], ["created_at", "2020-04-18 08:18:33.671834"], ["updated_at", "2020-04-18 08:18:33.671834"]]
  ↳ /usr/local/bundle/bin/rake:23
  [1m[35m (1.2ms)[0m  [1m[35mCOMMIT[0m
  ↳ /usr/local/bundle/bin/rake:23
  [1m[35m (0.3ms)[0m  [1m[34mSELECT pg_advisory_unlock(189420579480940080)[0m
  ↳ /usr/local/bundle/bin/rake:23
  [1m[35m (0.4ms)[0m  [1m[34mSELECT "schema_migrations"."version" FROM "schema_migrations" ORDER BY "schema_migrations"."version" ASC[0m
  ↳ /usr/local/bundle/bin/rake:23
  [1m[35m (0.5ms)[0m  [1m[34mSELECT "schema_migrations"."version" FROM "schema_migrations" ORDER BY "schema_migrations"."version" ASC[0m
  ↳ /usr/local/bundle/bin/rake:23
  [1m[35m (0.2ms)[0m  [1m[35mBEGIN[0m
  ↳ db/seeds.rb:12
  [1m[36mUser Exists (0.5ms)[0m  [1m[34mSELECT  1 AS one FROM "users" WHERE "users"."username" = $1 LIMIT $2[0m  [["username", "user1"], ["LIMIT", 1]]
  ↳ db/seeds.rb:12
  [1m[36mUser Exists (0.3ms)[0m  [1m[34mSELECT  1 AS one FROM "users" WHERE "users"."phone" = $1 LIMIT $2[0m  [["phone", "0112545782154"], ["LIMIT", 1]]
  ↳ db/seeds.rb:12
  [1m[36mUser Exists (0.3ms)[0m  [1m[34mSELECT  1 AS one FROM "users" WHERE "users"."email" = $1 LIMIT $2[0m  [["email", "user1@gmail.com"], ["LIMIT", 1]]
  ↳ db/seeds.rb:12
  [1m[36mUser Create (0.4ms)[0m  [1m[32mINSERT INTO "users" ("username", "first_name", "last_name", "phone", "email", "password", "user_status", "created_at", "updated_at") VALUES ($1, $2, $3, $4, $5, $6, $7, $8, $9) RETURNING "id"[0m  [["username", "user1"], ["first_name", "user"], ["last_name", "one"], ["phone", "0112545782154"], ["email", "user1@gmail.com"], ["password", "user1"], ["user_status", 1], ["created_at", "2020-04-18 08:18:43.763796"], ["updated_at", "2020-04-18 08:18:43.763796"]]
  ↳ db/seeds.rb:12
  [1m[35m (3.3ms)[0m  [1m[35mCOMMIT[0m
  ↳ db/seeds.rb:12
  [1m[35m (0.1ms)[0m  [1m[35mBEGIN[0m
  ↳ db/seeds.rb:22
  [1m[36mUser Exists (0.2ms)[0m  [1m[34mSELECT  1 AS one FROM "users" WHERE "users"."username" = $1 LIMIT $2[0m  [["username", "user2"], ["LIMIT", 1]]
  ↳ db/seeds.rb:22
  [1m[36mUser Exists (0.2ms)[0m  [1m[34mSELECT  1 AS one FROM "users" WHERE "users"."phone" = $1 LIMIT $2[0m  [["phone", "0112575982154"], ["LIMIT", 1]]
  ↳ db/seeds.rb:22
  [1m[36mUser Exists (0.2ms)[0m  [1m[34mSELECT  1 AS one FROM "users" WHERE "users"."email" = $1 LIMIT $2[0m  [["email", "user2@gmail.com"], ["LIMIT", 1]]
  ↳ db/seeds.rb:22
  [1m[36mUser Create (0.2ms)[0m  [1m[32mINSERT INTO "users" ("username", "first_name", "last_name", "phone", "email", "password", "user_status", "created_at", "updated_at") VALUES ($1, $2, $3, $4, $5, $6, $7, $8, $9) RETURNING "id"[0m  [["username", "user2"], ["first_name", "user"], ["last_name", "two"], ["phone", "0112575982154"], ["email", "user2@gmail.com"], ["password", "user2"], ["user_status", 2], ["created_at", "2020-04-18 08:18:43.771059"], ["updated_at", "2020-04-18 08:18:43.771059"]]
  ↳ db/seeds.rb:22
  [1m[35m (1.0ms)[0m  [1m[35mCOMMIT[0m
  ↳ db/seeds.rb:22
  [1m[35m (0.1ms)[0m  [1m[35mBEGIN[0m
  ↳ db/seeds.rb:33
  [1m[36mCategory Create (0.4ms)[0m  [1m[32mINSERT INTO "categories" ("name", "created_at", "updated_at") VALUES ($1, $2, $3) RETURNING "id"[0m  [["name", "small"], ["created_at", "2020-04-18 08:18:43.778854"], ["updated_at", "2020-04-18 08:18:43.778854"]]
  ↳ db/seeds.rb:33
  [1m[35m (1.1ms)[0m  [1m[35mCOMMIT[0m
  ↳ db/seeds.rb:33
  [1m[35m (0.2ms)[0m  [1m[35mBEGIN[0m
  ↳ db/seeds.rb:34
  [1m[36mCategory Create (0.3ms)[0m  [1m[32mINSERT INTO "categories" ("name", "created_at", "updated_at") VALUES ($1, $2, $3) RETURNING "id"[0m  [["name", "large"], ["created_at", "2020-04-18 08:18:43.781734"], ["updated_at", "2020-04-18 08:18:43.781734"]]
  ↳ db/seeds.rb:34
  [1m[35m (1.1ms)[0m  [1m[35mCOMMIT[0m
  ↳ db/seeds.rb:34
  [1m[35m (0.1ms)[0m  [1m[35mBEGIN[0m
  ↳ db/seeds.rb:37
  [1m[36mPet Create (0.7ms)[0m  [1m[32mINSERT INTO "pets" ("name", "status", "photo_urls", "tags", "category_id", "owner_id", "created_at", "updated_at") VALUES ($1, $2, $3, $4, $5, $6, $7, $8) RETURNING "id"[0m  [["name", "Caty"], ["status", "available"], ["photo_urls", "{url1,url2,url3}"], ["tags", "{<cat>,<white>}"], ["category_id", 1], ["owner_id", 1], ["created_at", "2020-04-18 08:18:43.792993"], ["updated_at", "2020-04-18 08:18:43.792993"]]
  ↳ db/seeds.rb:37
  [1m[35m (1.0ms)[0m  [1m[35mCOMMIT[0m
  ↳ db/seeds.rb:37
  [1m[35m (0.1ms)[0m  [1m[35mBEGIN[0m
  ↳ db/seeds.rb:46
  [1m[36mPet Create (0.3ms)[0m  [1m[32mINSERT INTO "pets" ("name", "status", "photo_urls", "tags", "category_id", "owner_id", "created_at", "updated_at") VALUES ($1, $2, $3, $4, $5, $6, $7, $8) RETURNING "id"[0m  [["name", "Jac"], ["status", "sold"], ["photo_urls", "{url1,url2,url3}"], ["tags", "{<dog>,<black>}"], ["category_id", 2], ["owner_id", 2], ["created_at", "2020-04-18 08:18:43.796313"], ["updated_at", "2020-04-18 08:18:43.796313"]]
  ↳ db/seeds.rb:46
  [1m[35m (1.1ms)[0m  [1m[35mCOMMIT[0m
  ↳ db/seeds.rb:46
  [1m[36mPet Load (0.4ms)[0m  [1m[34mSELECT  "pets".* FROM "pets" LIMIT $1[0m  [["LIMIT", 11]]
